<?xml version="1.0" encoding="UTF-8"?>
<!-- Generated by org.testng.reporters.JUnitReportReporter -->
<testsuite hostname="aipl8211lt15336.local" failures="0" tests="1" name="com.app.runner.CucumberRunnerTests" time="0.833" errors="0" timestamp="2023-11-14T11:40:14 IST" skipped="0">
  <testcase classname="com.app.runner.CucumberRunnerTests" name="runScenario" time="0.833"/>
</testsuite> <!-- com.app.runner.CucumberRunnerTests -->
