<?xml version="1.0" encoding="UTF-8"?>
<!-- Generated by org.testng.reporters.JUnitReportReporter -->
<testsuite hostname="aipl8211lt15336.local" failures="0" tests="1" name="com.app.runner.CucumberRunnerTests" time="86.066" errors="0" timestamp="2023-11-13T11:48:27 IST" skipped="0">
  <testcase classname="com.app.runner.CucumberRunnerTests" name="runScenario" time="86.066">
    <system-out>
      <![CDATA[<br><img src='/Users/hraza/Documents/GitClones/TestGitClones/NGReportingProProjectCopy/Screenshots/13-Nov-2023/Selenium 4_13Nov2023_11-47-31.png' height='1772' width='3456'/></br>
<br><img src='/Users/hraza/Documents/GitClones/TestGitClones/NGReportingProProjectCopy/Screenshots/13-Nov-2023/Selenium 4_13Nov2023_11-48-05.png' height='1772' width='3456'/></br>
<br><img src='/Users/hraza/Documents/GitClones/TestGitClones/NGReportingProProjectCopy/Screenshots/13-Nov-2023/Selenium 4_13Nov2023_11-48-22.png' height='1772' width='3456'/></br>]]>
    </system-out>
  </testcase> <!-- runScenario -->
  <system-out>
    <![CDATA[<br><img src='/Users/hraza/Documents/GitClones/TestGitClones/NGReportingProProjectCopy/Screenshots/13-Nov-2023/Selenium 4_13Nov2023_11-47-31.png' height='1772' width='3456'/></br>
<br><img src='/Users/hraza/Documents/GitClones/TestGitClones/NGReportingProProjectCopy/Screenshots/13-Nov-2023/Selenium 4_13Nov2023_11-48-05.png' height='1772' width='3456'/></br>
<br><img src='/Users/hraza/Documents/GitClones/TestGitClones/NGReportingProProjectCopy/Screenshots/13-Nov-2023/Selenium 4_13Nov2023_11-48-22.png' height='1772' width='3456'/></br>]]>
  </system-out>
</testsuite> <!-- com.app.runner.CucumberRunnerTests -->
