<?xml version="1.0" encoding="UTF-8"?>
<!-- Generated by org.testng.reporters.JUnitReportReporter -->
<testsuite hostname="aipl8211lt15336.local" failures="0" tests="1" name="com.app.runner.CucumberRunnerTests" time="308.313" errors="0" timestamp="2023-11-12T19:00:09 IST" skipped="0">
  <testcase classname="com.app.runner.CucumberRunnerTests" name="runScenario" time="308.313">
    <system-out>
      <![CDATA[<br><img src='/Users/hraza/Documents/GitClones/TestGitClones/NGReportingProProjectCopy/Screenshots/12-Nov-2023/Selenium 4_12Nov2023_18-55-32.png' height='1772' width='3456'/></br>
<br><img src='/Users/hraza/Documents/GitClones/TestGitClones/NGReportingProProjectCopy/Screenshots/12-Nov-2023/Selenium 4_12Nov2023_18-56-30.png' height='1772' width='3456'/></br>
<br><img src='/Users/hraza/Documents/GitClones/TestGitClones/NGReportingProProjectCopy/Screenshots/12-Nov-2023/Selenium 4_12Nov2023_18-57-03.png' height='1772' width='3456'/></br>
<br><img src='/Users/hraza/Documents/GitClones/TestGitClones/NGReportingProProjectCopy/Screenshots/12-Nov-2023/Selenium 4_12Nov2023_18-57-36.png' height='1772' width='3456'/></br>
<br><img src='/Users/hraza/Documents/GitClones/TestGitClones/NGReportingProProjectCopy/Screenshots/12-Nov-2023/Selenium 4_12Nov2023_18-58-07.png' height='1772' width='3456'/></br>
<br><img src='/Users/hraza/Documents/GitClones/TestGitClones/NGReportingProProjectCopy/Screenshots/12-Nov-2023/Selenium 4_12Nov2023_18-58-36.png' height='1772' width='3456'/></br>
<br><img src='/Users/hraza/Documents/GitClones/TestGitClones/NGReportingProProjectCopy/Screenshots/12-Nov-2023/Selenium 4_12Nov2023_18-59-07.png' height='1772' width='3456'/></br>
<br><img src='/Users/hraza/Documents/GitClones/TestGitClones/NGReportingProProjectCopy/Screenshots/12-Nov-2023/Selenium 4_12Nov2023_18-59-34.png' height='1772' width='3456'/></br>
<br><img src='/Users/hraza/Documents/GitClones/TestGitClones/NGReportingProProjectCopy/Screenshots/12-Nov-2023/Selenium 4_12Nov2023_19-00-00.png' height='1772' width='3456'/></br>]]>
    </system-out>
  </testcase> <!-- runScenario -->
  <system-out>
    <![CDATA[<br><img src='/Users/hraza/Documents/GitClones/TestGitClones/NGReportingProProjectCopy/Screenshots/12-Nov-2023/Selenium 4_12Nov2023_18-55-32.png' height='1772' width='3456'/></br>
<br><img src='/Users/hraza/Documents/GitClones/TestGitClones/NGReportingProProjectCopy/Screenshots/12-Nov-2023/Selenium 4_12Nov2023_18-56-30.png' height='1772' width='3456'/></br>
<br><img src='/Users/hraza/Documents/GitClones/TestGitClones/NGReportingProProjectCopy/Screenshots/12-Nov-2023/Selenium 4_12Nov2023_18-57-03.png' height='1772' width='3456'/></br>
<br><img src='/Users/hraza/Documents/GitClones/TestGitClones/NGReportingProProjectCopy/Screenshots/12-Nov-2023/Selenium 4_12Nov2023_18-57-36.png' height='1772' width='3456'/></br>
<br><img src='/Users/hraza/Documents/GitClones/TestGitClones/NGReportingProProjectCopy/Screenshots/12-Nov-2023/Selenium 4_12Nov2023_18-58-07.png' height='1772' width='3456'/></br>
<br><img src='/Users/hraza/Documents/GitClones/TestGitClones/NGReportingProProjectCopy/Screenshots/12-Nov-2023/Selenium 4_12Nov2023_18-58-36.png' height='1772' width='3456'/></br>
<br><img src='/Users/hraza/Documents/GitClones/TestGitClones/NGReportingProProjectCopy/Screenshots/12-Nov-2023/Selenium 4_12Nov2023_18-59-07.png' height='1772' width='3456'/></br>
<br><img src='/Users/hraza/Documents/GitClones/TestGitClones/NGReportingProProjectCopy/Screenshots/12-Nov-2023/Selenium 4_12Nov2023_18-59-34.png' height='1772' width='3456'/></br>
<br><img src='/Users/hraza/Documents/GitClones/TestGitClones/NGReportingProProjectCopy/Screenshots/12-Nov-2023/Selenium 4_12Nov2023_19-00-00.png' height='1772' width='3456'/></br>]]>
  </system-out>
</testsuite> <!-- com.app.runner.CucumberRunnerTests -->
